TN:
SF:script/BaseSepoliaMilestoneUnlockHook.s.sol
DA:8,0
FN:8,BaseSepoliaMilestoneUnlockHookScript.setUp
FNDA:0,BaseSepoliaMilestoneUnlockHookScript.setUp
DA:9,0
DA:11,0
DA:12,0
FNF:1
FNH:0
LF:4
LH:0
BRF:0
BRH:0
end_of_record
TN:
SF:script/BaseSepoliaMulticurveFeeHook.s.sol
DA:10,0
FN:10,BaseSepoliaMulticurveFeeHookScript.setUp
FNDA:0,BaseSepoliaMulticurveFeeHookScript.setUp
DA:11,0
DA:16,0
DA:17,0
FNF:1
FNH:0
LF:4
LH:0
BRF:0
BRH:0
end_of_record
TN:
SF:script/CreateTokenWithNewInitializer.s.sol
DA:44,0
FN:44,CreateTokenScript.setUp
FNDA:0,CreateTokenScript.setUp
DA:45,0
BRDA:45,0,0,-
BRDA:45,0,1,-
DA:46,0
BRDA:46,1,0,-
BRDA:46,1,1,-
DA:47,0
BRDA:47,2,0,-
BRDA:47,2,1,-
DA:49,0
DA:50,0
DA:53,0
DA:54,0
DA:55,0
DA:56,0
DA:58,0
DA:59,0
DA:60,0
DA:63,0
FN:63,CreateTokenScript.run
FNDA:0,CreateTokenScript.run
DA:64,0
DA:65,0
DA:66,0
DA:67,0
DA:70,0
FN:70,CreateTokenScript._prepareUniswapV4MulticurveInitializerData
FNDA:0,CreateTokenScript._prepareUniswapV4MulticurveInitializerData
DA:75,0
DA:76,0
DA:77,0
DA:78,0
DA:79,0
DA:80,0
DA:87,0
DA:88,0
DA:89,0
DA:90,0
DA:91,0
DA:93,0
FNF:3
FNH:0
LF:31
LH:0
BRF:6
BRH:0
end_of_record
TN:
SF:script/Log.sol
DA:7,0
FN:7,Log.recordDeployment
FNDA:0,Log.recordDeployment
DA:8,0
DA:9,0
DA:10,0
DA:11,0
DA:12,0
FNF:1
FNH:0
LF:6
LH:0
BRF:0
BRH:0
end_of_record
TN:
SF:script/abstract/DeployMilestoneUnlockHook.s.sol
DA:28,0
FN:28,DeployMilestoneUnlockHookScript.setUp
FNDA:0,DeployMilestoneUnlockHookScript.setUp
DA:30,0
DA:31,0
DA:32,0
DA:35,0
FN:35,DeployMilestoneUnlockHookScript.run
FNDA:0,DeployMilestoneUnlockHookScript.run
DA:36,0
BRDA:36,0,0,-
BRDA:36,0,1,-
DA:37,0
BRDA:37,1,0,-
BRDA:37,1,1,-
DA:40,0
DA:42,0
DA:47,0
DA:54,0
DA:56,0
DA:59,0
DA:60,0
DA:61,0
DA:63,0
BRDA:63,2,0,-
BRDA:63,2,1,-
DA:64,0
BRDA:64,3,0,-
BRDA:64,3,1,-
DA:66,0
DA:67,0
FNF:2
FNH:0
LF:19
LH:0
BRF:8
BRH:0
end_of_record
TN:
SF:script/abstract/DeployMulticurveFeeHook.s.sol
DA:29,0
FN:29,DeployMulticurveFeeHookScript.setUp
FNDA:0,DeployMulticurveFeeHookScript.setUp
DA:31,0
DA:32,0
DA:33,0
DA:36,0
FN:36,DeployMulticurveFeeHookScript.run
FNDA:0,DeployMulticurveFeeHookScript.run
DA:37,0
BRDA:37,0,0,-
BRDA:37,0,1,-
DA:38,0
BRDA:38,1,0,-
BRDA:38,1,1,-
DA:39,0
BRDA:39,2,0,-
BRDA:39,2,1,-
DA:42,0
DA:44,0
DA:50,0
DA:57,0
DA:59,0
DA:62,0
DA:67,0
DA:69,0
BRDA:69,3,0,-
BRDA:69,3,1,-
DA:70,0
BRDA:70,4,0,-
BRDA:70,4,1,-
DA:72,0
DA:73,0
FNF:2
FNH:0
LF:19
LH:0
BRF:10
BRH:0
end_of_record
TN:
SF:src/MilestoneUnlockUniswapV4MulticurveInitializer.sol
DA:165,8
FN:165,MilestoneUnlockUniswapV4MulticurveInitializer.constructor
FNDA:8,MilestoneUnlockUniswapV4MulticurveInitializer.constructor
DA:170,8
DA:174,11
FN:174,MilestoneUnlockUniswapV4MulticurveInitializer.initialize
FNDA:11,MilestoneUnlockUniswapV4MulticurveInitializer.initialize
DA:181,11
BRDA:181,0,0,-
BRDA:181,0,1,-
DA:183,11
DA:185,11
DA:194,11
BRDA:194,1,0,-
BRDA:194,1,1,-
DA:196,11
DA:203,10
DA:205,11
DA:206,11
DA:208,10
DA:209,10
DA:210,11
DA:214,10
DA:215,10
DA:217,8
DA:221,8
DA:230,8
DA:231,8
DA:233,8
DA:235,8
DA:237,8
DA:239,8
BRDA:239,2,0,8
DA:240,8
DA:241,8
DA:246,8
BRDA:246,3,0,8
DA:247,8
DA:252,8
DA:261,10
FN:261,MilestoneUnlockUniswapV4MulticurveInitializer._constructAndStoreMilestonePositions
FNDA:10,MilestoneUnlockUniswapV4MulticurveInitializer._constructAndStoreMilestonePositions
DA:266,10
DA:267,10
DA:269,10
DA:271,26
BRDA:271,4,0,-
BRDA:271,4,1,-
DA:272,26
DA:273,25
BRDA:273,5,0,25
BRDA:273,5,1,-
DA:275,25
BRDA:275,6,0,-
BRDA:275,6,1,-
DA:278,0
BRDA:278,7,0,-
BRDA:278,7,1,-
DA:281,26
DA:282,24
DA:283,24
DA:284,24
DA:288,24
DA:291,24
DA:299,26
DA:312,6
FN:312,MilestoneUnlockUniswapV4MulticurveInitializer.unlockPosition
FNDA:6,MilestoneUnlockUniswapV4MulticurveInitializer.unlockPosition
DA:313,6
BRDA:313,8,0,-
BRDA:313,8,1,-
DA:315,6
DA:316,5
DA:317,5
BRDA:317,9,0,-
BRDA:317,9,1,-
DA:319,4
DA:320,4
DA:321,4
DA:322,4
DA:323,4
DA:325,4
DA:327,4
BRDA:327,10,0,4
DA:328,4
DA:331,6
DA:334,4
FN:334,MilestoneUnlockUniswapV4MulticurveInitializer._burnPosition
FNDA:4,MilestoneUnlockUniswapV4MulticurveInitializer._burnPosition
DA:335,4
DA:342,4
DA:345,4
DA:346,4
DA:348,4
BRDA:348,11,0,-
BRDA:348,11,1,-
DA:349,0
DA:351,4
DA:353,0
DA:354,0
DA:358,0
FN:358,MilestoneUnlockUniswapV4MulticurveInitializer.exitLiquidity
FNDA:0,MilestoneUnlockUniswapV4MulticurveInitializer.exitLiquidity
DA:371,0
DA:372,0
BRDA:372,12,0,-
BRDA:372,12,1,-
DA:373,0
DA:375,0
DA:376,0
DA:378,0
DA:379,0
DA:380,0
BRDA:380,13,0,-
BRDA:380,13,1,-
DA:381,0
DA:383,0
DA:384,0
DA:385,0
DA:386,0
DA:387,0
DA:389,0
DA:390,0
DA:398,0
FN:398,MilestoneUnlockUniswapV4MulticurveInitializer.getActiveMilestonePositions
FNDA:0,MilestoneUnlockUniswapV4MulticurveInitializer.getActiveMilestonePositions
DA:399,0
DA:400,0
DA:401,0
DA:403,0
DA:404,0
BRDA:404,14,0,-
DA:405,0
DA:407,0
DA:413,0
DA:414,0
DA:423,0
FN:423,MilestoneUnlockUniswapV4MulticurveInitializer.getNumOfActiveMilestonePositions
FNDA:0,MilestoneUnlockUniswapV4MulticurveInitializer.getNumOfActiveMilestonePositions
DA:424,0
DA:425,0
DA:426,0
BRDA:426,15,0,-
DA:427,0
DA:432,9
FN:432,MilestoneUnlockUniswapV4MulticurveInitializer.getMilestonePositionDetails
FNDA:9,MilestoneUnlockUniswapV4MulticurveInitializer.getMilestonePositionDetails
DA:433,9
DA:441,0
FN:441,MilestoneUnlockUniswapV4MulticurveInitializer.getPositions
FNDA:0,MilestoneUnlockUniswapV4MulticurveInitializer.getPositions
DA:442,0
DA:450,0
FN:450,MilestoneUnlockUniswapV4MulticurveInitializer.getBeneficiaries
FNDA:0,MilestoneUnlockUniswapV4MulticurveInitializer.getBeneficiaries
DA:451,0
DA:455,0
FN:455,MilestoneUnlockUniswapV4MulticurveInitializer._collectFees
FNDA:0,MilestoneUnlockUniswapV4MulticurveInitializer._collectFees
DA:456,0
DA:457,0
BRDA:457,16,0,-
BRDA:457,16,1,-
DA:458,0
FNF:12
FNH:6
LF:111
LH:67
BRF:29
BRH:4
end_of_record
TN:
SF:src/SSLMilestoneUnlockHook.sol
DA:72,824
FN:72,SSLMilestoneUnlockHook.onlyInitializer
FNDA:824,SSLMilestoneUnlockHook.onlyInitializer
DA:73,824
BRDA:73,0,0,-
DA:82,8
FN:82,SSLMilestoneUnlockHook.constructor
FNDA:8,SSLMilestoneUnlockHook.constructor
DA:84,8
DA:108,5
FN:108,SSLMilestoneUnlockHook._afterSwap
FNDA:5,SSLMilestoneUnlockHook._afterSwap
DA:115,5
DA:117,5
DA:118,5
DA:119,5
DA:124,5
DA:125,5
DA:126,5
DA:127,15
BRDA:127,1,0,15
BRDA:127,1,1,-
DA:129,15
BRDA:129,2,0,4
DA:130,4
DA:134,0
BRDA:134,3,0,-
DA:135,0
DA:140,5
DA:141,5
DA:145,824
FN:145,SSLMilestoneUnlockHook._beforeAddLiquidity
FNDA:824,SSLMilestoneUnlockHook._beforeAddLiquidity
DA:151,824
DA:155,824
FN:155,SSLMilestoneUnlockHook._afterAddLiquidity
FNDA:824,SSLMilestoneUnlockHook._afterAddLiquidity
DA:163,824
DA:164,824
DA:168,4
FN:168,SSLMilestoneUnlockHook._afterRemoveLiquidity
FNDA:4,SSLMilestoneUnlockHook._afterRemoveLiquidity
DA:176,4
DA:177,4
DA:181,8
FN:181,SSLMilestoneUnlockHook.getHookPermissions
FNDA:8,SSLMilestoneUnlockHook.getHookPermissions
DA:182,8
FNF:7
FNH:7
LF:29
LH:27
BRF:5
BRH:2
end_of_record
TN:
SF:src/UniswapV4MulticurveInitializerFeeHook.sol
DA:73,1800
FN:73,UniswapV4MulticurveInitializerFeeHook.onlyInitializer
FNDA:1800,UniswapV4MulticurveInitializerFeeHook.onlyInitializer
DA:74,1800
BRDA:74,0,0,-
DA:83,14
FN:83,UniswapV4MulticurveInitializerFeeHook.constructor
FNDA:14,UniswapV4MulticurveInitializerFeeHook.constructor
DA:85,14
DA:86,14
DA:93,19
FN:93,UniswapV4MulticurveInitializerFeeHook._beforeInitialize
FNDA:19,UniswapV4MulticurveInitializerFeeHook._beforeInitialize
DA:99,19
BRDA:99,1,0,-
BRDA:99,1,1,-
DA:100,18
DA:104,6014
FN:104,UniswapV4MulticurveInitializerFeeHook._beforeSwap
FNDA:6014,UniswapV4MulticurveInitializerFeeHook._beforeSwap
DA:110,6014
DA:113,6014
DA:115,6014
DA:116,6014
DA:118,6014
DA:119,6014
DA:122,6014
DA:124,6012
BRDA:124,2,0,6012
DA:126,4009
DA:128,4009
BRDA:128,3,0,6012
DA:130,4009
DA:132,4009
BRDA:132,4,0,3008
BRDA:132,4,1,1001
DA:133,3008
DA:134,1001
BRDA:134,5,0,1001
DA:135,1001
DA:138,4009
DA:141,4009
DA:144,4009
BRDA:144,6,0,2
DA:145,2
DA:148,4007
DA:151,4007
DA:155,6012
DA:159,6014
FN:159,UniswapV4MulticurveInitializerFeeHook._afterSwap
FNDA:6014,UniswapV4MulticurveInitializerFeeHook._afterSwap
DA:166,6014
DA:170,6014
DA:172,6014
DA:173,6014
DA:175,6014
DA:176,6014
DA:181,6014
DA:183,6014
BRDA:183,7,0,6014
DA:185,2005
DA:187,2005
BRDA:187,8,0,6014
DA:190,2005
DA:191,1
BRDA:191,9,0,1
BRDA:191,9,1,1001
DA:192,1
DA:193,1
BRDA:193,10,0,1
BRDA:193,10,1,1001
DA:194,1
DA:195,1002
BRDA:195,11,0,1002
BRDA:195,11,1,1001
DA:196,1002
DA:197,1001
BRDA:197,12,0,1001
DA:198,1001
DA:200,2005
BRDA:200,13,0,-
DA:201,0
DA:205,2005
DA:207,2005
DA:210,2005
BRDA:210,14,0,-
DA:211,0
DA:214,2005
DA:216,2005
DA:219,6014
DA:221,6014
DA:224,6012
FN:224,UniswapV4MulticurveInitializerFeeHook._distributeToBeneficiaries
FNDA:6012,UniswapV4MulticurveInitializerFeeHook._distributeToBeneficiaries
DA:229,6012
DA:230,18044
DA:235,1800
FN:235,UniswapV4MulticurveInitializerFeeHook._beforeAddLiquidity
FNDA:1800,UniswapV4MulticurveInitializerFeeHook._beforeAddLiquidity
DA:241,1800
DA:245,1800
FN:245,UniswapV4MulticurveInitializerFeeHook._afterAddLiquidity
FNDA:1800,UniswapV4MulticurveInitializerFeeHook._afterAddLiquidity
DA:253,1800
DA:254,1800
DA:258,0
FN:258,UniswapV4MulticurveInitializerFeeHook._afterRemoveLiquidity
FNDA:0,UniswapV4MulticurveInitializerFeeHook._afterRemoveLiquidity
DA:266,0
DA:267,0
DA:271,14
FN:271,UniswapV4MulticurveInitializerFeeHook.getHookPermissions
FNDA:14,UniswapV4MulticurveInitializerFeeHook.getHookPermissions
DA:272,14
FNF:10
FNH:9
LF:74
LH:69
BRF:20
BRH:15
end_of_record
TN:
SF:test/BaseMulticurveMilestoneUnlockTest.sol
DA:39,8
FN:39,BaseMulticurveMilestoneUnlockTest.setUp
FNDA:8,BaseMulticurveMilestoneUnlockTest.setUp
DA:40,0
DA:42,8
DA:43,8
DA:45,8
DA:55,8
DA:56,8
DA:57,8
BRDA:57,0,0,8
DA:58,8
DA:59,8
DA:64,8
FN:64,BaseMulticurveMilestoneUnlockTest._deployContractsAndPrepareData
FNDA:8,BaseMulticurveMilestoneUnlockTest._deployContractsAndPrepareData
DA:65,8
DA:66,8
DA:68,8
DA:69,8
DA:71,8
DA:72,8
DA:73,8
DA:75,8
DA:76,8
DA:77,8
DA:80,8
FN:80,BaseMulticurveMilestoneUnlockTest._deploySSLMilestoneUnlockHook
FNDA:8,BaseMulticurveMilestoneUnlockTest._deploySSLMilestoneUnlockHook
DA:84,8
DA:87,8
DA:92,8
DA:93,8
DA:94,8
DA:95,8
DA:96,8
DA:97,8
DA:100,11
FN:100,BaseMulticurveMilestoneUnlockTest._prepareMilestoneUnlockUniswapV4MulticurveInitializerData.0
FNDA:11,BaseMulticurveMilestoneUnlockTest._prepareMilestoneUnlockUniswapV4MulticurveInitializerData.0
DA:105,11
DA:106,11
DA:107,110
DA:108,110
DA:109,110
DA:110,110
DA:117,11
DA:118,11
DA:119,11
DA:120,11
DA:121,11
DA:123,11
DA:134,8
FN:134,BaseMulticurveMilestoneUnlockTest._prepareMilestoneUnlockUniswapV4MulticurveInitializerData.1
FNDA:8,BaseMulticurveMilestoneUnlockTest._prepareMilestoneUnlockUniswapV4MulticurveInitializerData.1
DA:139,8
DA:142,10
FN:142,BaseMulticurveMilestoneUnlockTest._constructMilestonePositionInfo
FNDA:10,BaseMulticurveMilestoneUnlockTest._constructMilestonePositionInfo
DA:147,10
DA:148,10
DA:149,30
DA:150,30
DA:151,30
DA:152,30
DA:153,30
DA:159,0
FN:159,BaseMulticurveMilestoneUnlockTest._feeAmount
FNDA:0,BaseMulticurveMilestoneUnlockTest._feeAmount
DA:160,0
DA:163,2
FN:163,BaseMulticurveMilestoneUnlockTest._getCurrentTick
FNDA:2,BaseMulticurveMilestoneUnlockTest._getCurrentTick
DA:164,2
DA:165,2
FNF:8
FNH:7
LF:58
LH:55
BRF:1
BRH:1
end_of_record
TN:
SF:test/BaseMulticurveTest.sol
DA:98,22
FN:98,BaseMulticurveTest.setUp
FNDA:22,BaseMulticurveTest.setUp
DA:99,0
BRDA:99,0,0,-
DA:100,0
DA:102,22
DA:103,22
DA:104,22
DA:105,22
DA:107,22
DA:109,22
BRDA:109,1,0,-
DA:110,0
DA:111,22
DA:112,22
DA:115,22
DA:117,22
DA:121,0
FN:121,BaseMulticurveTest._deployContractsAndPrepareData
FNDA:0,BaseMulticurveTest._deployContractsAndPrepareData
DA:123,22
FN:123,BaseMulticurveTest._deployNumeraire
FNDA:22,BaseMulticurveTest._deployNumeraire
DA:124,22
DA:125,22
DA:129,22
FN:129,BaseMulticurveTest._deployCloneERC20VotesFactory
FNDA:22,BaseMulticurveTest._deployCloneERC20VotesFactory
DA:130,22
DA:131,22
DA:132,22
DA:133,22
DA:134,22
DA:135,22
DA:136,22
DA:139,22
FN:139,BaseMulticurveTest._prepareTokenFactoryData
FNDA:22,BaseMulticurveTest._prepareTokenFactoryData
DA:153,22
DA:156,15
FN:156,BaseMulticurveTest._prepareUniswapV4MulticurveInitializerData.0
FNDA:15,BaseMulticurveTest._prepareUniswapV4MulticurveInitializerData.0
DA:161,15
DA:162,15
DA:163,150
DA:164,150
DA:165,150
DA:166,150
DA:173,15
DA:174,15
DA:175,15
DA:176,15
DA:177,15
DA:179,15
DA:183,2
FN:183,BaseMulticurveTest._prepareUniswapV4MulticurveInitializerData.1
FNDA:2,BaseMulticurveTest._prepareUniswapV4MulticurveInitializerData.1
DA:187,2
DA:188,2
DA:189,20
DA:190,20
DA:191,20
DA:192,20
DA:195,2
DA:196,2
DA:197,2
DA:198,2
DA:199,12
DA:200,12
DA:206,2
DA:207,2
BRDA:207,2,0,-
BRDA:207,2,1,-
DA:212,2
DA:213,2
DA:217,22
FN:217,BaseMulticurveTest._deployNoOpMigrator
FNDA:22,BaseMulticurveTest._deployNoOpMigrator
DA:218,22
DA:219,22
DA:220,22
DA:221,22
DA:222,22
DA:223,22
DA:224,22
DA:227,22
FN:227,BaseMulticurveTest._deployGovernanceFactory
FNDA:22,BaseMulticurveTest._deployGovernanceFactory
DA:228,22
DA:229,22
DA:230,22
DA:231,22
DA:232,22
DA:233,22
DA:234,22
DA:237,22
FN:237,BaseMulticurveTest._prepareGovernanceFactoryData
FNDA:22,BaseMulticurveTest._prepareGovernanceFactoryData
DA:238,22
DA:243,4015
FN:243,BaseMulticurveTest.buyWithNumeraire.0
FNDA:4015,BaseMulticurveTest.buyWithNumeraire.0
DA:250,4015
DA:251,4015
DA:252,4015
BRDA:252,3,0,4013
DA:253,4013
DA:256,4015
DA:264,4015
DA:266,4015
DA:267,4015
DA:269,4015
DA:273,4013
FN:273,BaseMulticurveTest.buyWithNumeraire.1
FNDA:4013,BaseMulticurveTest.buyWithNumeraire.1
DA:274,4013
DA:278,2004
FN:278,BaseMulticurveTest.sellWithAsset.0
FNDA:2004,BaseMulticurveTest.sellWithAsset.0
DA:286,2004
DA:287,2004
DA:288,2004
DA:290,2004
DA:296,2004
DA:298,2004
DA:299,2004
DA:301,2004
DA:305,2003
FN:305,BaseMulticurveTest.sellWithAsset.1
FNDA:2003,BaseMulticurveTest.sellWithAsset.1
DA:306,2003
DA:309,8020
FN:309,BaseMulticurveTest._getBalances
FNDA:8020,BaseMulticurveTest._getBalances
DA:310,8020
DA:311,8020
DA:315,21048
FN:315,BaseMulticurveTest._getNumeraireBalance
FNDA:21048,BaseMulticurveTest._getNumeraireBalance
DA:316,21048
FNF:16
FNH:15
LF:104
LH:100
BRF:5
BRH:1
end_of_record
